Fri Feb 16 2018 21:23:00 GMT+0100 (W. Europe Standard Time): GET /
Fri Feb 16 2018 21:29:09 GMT+0100 (W. Europe Standard Time): GET /
Fri Feb 16 2018 21:29:15 GMT+0100 (W. Europe Standard Time): GET /about
Fri Feb 16 2018 21:29:20 GMT+0100 (W. Europe Standard Time): GET /
Fri Feb 16 2018 21:29:35 GMT+0100 (W. Europe Standard Time): GET /help
Fri Feb 16 2018 21:29:38 GMT+0100 (W. Europe Standard Time): GET /help
Fri Feb 16 2018 21:31:32 GMT+0100 (W. Europe Standard Time): GET /help.html
Fri Feb 16 2018 21:31:36 GMT+0100 (W. Europe Standard Time): GET /
Fri Feb 16 2018 22:46:12 GMT+0100 (W. Europe Standard Time): GET /
Fri Feb 16 2018 22:46:13 GMT+0100 (W. Europe Standard Time): GET /
<<<<<<< HEAD
Sat Feb 17 2018 09:39:21 GMT+0100 (W. Europe Standard Time): GET /
Sat Feb 17 2018 09:39:21 GMT+0100 (W. Europe Standard Time): GET /
Sat Feb 17 2018 09:39:24 GMT+0100 (W. Europe Standard Time): GET /
Sat Feb 17 2018 09:41:55 GMT+0100 (W. Europe Standard Time): GET /
Sat Feb 17 2018 09:41:55 GMT+0100 (W. Europe Standard Time): GET /
=======
Sat Feb 17 2018 00:10:43 GMT+0100 (W. Europe Standard Time): GET /
Sat Feb 17 2018 00:10:45 GMT+0100 (W. Europe Standard Time): GET /
>>>>>>> a2badc9b365a596f94b124a13ecb19e0e5d05c4a
